This is pdfTeX, Version 3.14159265-2.6-1.40.20 (TeX Live 2019/Debian) (preloaded format=pdflatex 2020.4.12)  15 APR 2020 18:47
entering extended mode
 restricted \write18 enabled.
 file:line:error style messages enabled.
 %&-line parsing enabled.
**/home/fari/TP1PyE/Informe/Informe.tex
(/home/fari/TP1PyE/Informe/Informe.tex
LaTeX2e <2018-12-01>
(/usr/share/texlive/texmf-dist/tex/latex/base/article.cls
Document Class: article 2018/09/03 v1.4i Standard LaTeX document class
(/usr/share/texlive/texmf-dist/tex/latex/base/size11.clo
File: size11.clo 2018/09/03 v1.4i Standard LaTeX file (size option)
)
\c@part=\count80
\c@section=\count81
\c@subsection=\count82
\c@subsubsection=\count83
\c@paragraph=\count84
\c@subparagraph=\count85
\c@figure=\count86
\c@table=\count87
\abovecaptionskip=\skip41
\belowcaptionskip=\skip42
\bibindent=\dimen102
) (/usr/share/texlive/texmf-dist/tex/latex/geometry/geometry.sty
Package: geometry 2018/04/16 v5.8 Page Geometry
 (/usr/share/texlive/texmf-dist/tex/latex/graphics/keyval.sty
Package: keyval 2014/10/28 v1.15 key=value parser (DPC)
\KV@toks@=\toks14
) (/usr/share/texlive/texmf-dist/tex/generic/oberdiek/ifpdf.sty
Package: ifpdf 2018/09/07 v3.3 Provides the ifpdf switch
) (/usr/share/texlive/texmf-dist/tex/generic/oberdiek/ifvtex.sty
Package: ifvtex 2016/05/16 v1.6 Detect VTeX and its facilities (HO)
Package ifvtex Info: VTeX not detected.
) (/usr/share/texlive/texmf-dist/tex/generic/ifxetex/ifxetex.sty
Package: ifxetex 2010/09/12 v0.6 Provides ifxetex conditional
)
\Gm@cnth=\count88
\Gm@cntv=\count89
\c@Gm@tempcnt=\count90
\Gm@bindingoffset=\dimen103
\Gm@wd@mp=\dimen104
\Gm@odd@mp=\dimen105
\Gm@even@mp=\dimen106
\Gm@layoutwidth=\dimen107
\Gm@layoutheight=\dimen108
\Gm@layouthoffset=\dimen109
\Gm@layoutvoffset=\dimen110
\Gm@dimlist=\toks15
) (/usr/share/texlive/texmf-dist/tex/latex/base/inputenc.sty
Package: inputenc 2018/08/11 v1.3c Input encoding file
\inpenc@prehook=\toks16
\inpenc@posthook=\toks17
) (/usr/share/texlive/texmf-dist/tex/generic/babel/babel.sty
Package: babel 2019/06/03 3.32 The Babel package
 (/usr/share/texlive/texmf-dist/tex/generic/babel/switch.def
File: switch.def 2019/06/03 3.32 Babel switching mechanism
) (/usr/share/texlive/texmf-dist/tex/generic/babel-spanish/spanish.ldf
Language: spanish.ldf 2016/03/03 v5.0p Spanish support from the babel system
 (/usr/share/texlive/texmf-dist/tex/generic/babel/babel.def
File: babel.def 2019/06/03 3.32 Babel common definitions
\babel@savecnt=\count91
\U@D=\dimen111
 (/usr/share/texlive/texmf-dist/tex/generic/babel/txtbabel.def)
\bbl@dirlevel=\count92
)
\es@quottoks=\toks18
\es@quotdepth=\count93
Package babel Info: Making " an active character on input line 561.
Package babel Info: Making . an active character on input line 662.
Package babel Info: Making < an active character on input line 707.
Package babel Info: Making > an active character on input line 707.
)) (/usr/share/texlive/texmf-dist/tex/latex/tools/layout.sty
Package: layout 2014/10/28 v1.2c Show layout parameters
\oneinch=\count94
\cnt@paperwidth=\count95
\cnt@paperheight=\count96
\cnt@hoffset=\count97
\cnt@voffset=\count98
\cnt@textheight=\count99
\cnt@textwidth=\count100
\cnt@topmargin=\count101
\cnt@oddsidemargin=\count102
\cnt@evensidemargin=\count103
\cnt@headheight=\count104
\cnt@headsep=\count105
\cnt@marginparsep=\count106
\cnt@marginparwidth=\count107
\cnt@marginparpush=\count108
\cnt@footskip=\count109
\fheight=\count110
\ref@top=\count111
\ref@hoffset=\count112
\ref@voffset=\count113
\ref@head=\count114
\ref@body=\count115
\ref@foot=\count116
\ref@margin=\count117
\ref@marginwidth=\count118
\ref@marginpar=\count119
\Interval=\count120
\ExtraYPos=\count121
\PositionX=\count122
\PositionY=\count123
\ArrowLength=\count124
) (/usr/share/texlive/texmf-dist/tex/latex/ms/ragged2e.sty
Package: ragged2e 2009/05/21 v2.1 ragged2e Package (MS)
 (/usr/share/texlive/texmf-dist/tex/latex/ms/everysel.sty
Package: everysel 2011/10/28 v1.2 EverySelectfont Package (MS)
)
\CenteringLeftskip=\skip43
\RaggedLeftLeftskip=\skip44
\RaggedRightLeftskip=\skip45
\CenteringRightskip=\skip46
\RaggedLeftRightskip=\skip47
\RaggedRightRightskip=\skip48
\CenteringParfillskip=\skip49
\RaggedLeftParfillskip=\skip50
\RaggedRightParfillskip=\skip51
\JustifyingParfillskip=\skip52
\CenteringParindent=\skip53
\RaggedLeftParindent=\skip54
\RaggedRightParindent=\skip55
\JustifyingParindent=\skip56
) (/usr/share/texlive/texmf-dist/tex/latex/base/textcomp.sty
Package: textcomp 2018/08/11 v2.0j Standard LaTeX package
Package textcomp Info: Sub-encoding information:
(textcomp)               5 = only ISO-Adobe without \textcurrency
(textcomp)               4 = 5 + \texteuro
(textcomp)               3 = 4 + \textohm
(textcomp)               2 = 3 + \textestimated + \textcurrency
(textcomp)               1 = TS1 - \textcircled - \t
(textcomp)               0 = TS1 (full)
(textcomp)             Font families with sub-encoding setting implement
(textcomp)             only a restricted character set as indicated.
(textcomp)             Family '?' is the default used for unknown fonts.
(textcomp)             See the documentation for details.
Package textcomp Info: Setting ? sub-encoding to TS1/1 on input line 79.
 (/usr/share/texlive/texmf-dist/tex/latex/base/ts1enc.def
File: ts1enc.def 2001/06/05 v3.0e (jk/car/fm) Standard LaTeX file
Now handling font encoding TS1 ...
... processing UTF-8 mapping file for font encoding TS1
 (/usr/share/texlive/texmf-dist/tex/latex/base/ts1enc.dfu
File: ts1enc.dfu 2018/10/05 v1.2f UTF-8 support for inputenc
   defining Unicode char U+00A2 (decimal 162)
   defining Unicode char U+00A3 (decimal 163)
   defining Unicode char U+00A4 (decimal 164)
   defining Unicode char U+00A5 (decimal 165)
   defining Unicode char U+00A6 (decimal 166)
   defining Unicode char U+00A7 (decimal 167)
   defining Unicode char U+00A8 (decimal 168)
   defining Unicode char U+00A9 (decimal 169)
   defining Unicode char U+00AA (decimal 170)
   defining Unicode char U+00AC (decimal 172)
   defining Unicode char U+00AE (decimal 174)
   defining Unicode char U+00AF (decimal 175)
   defining Unicode char U+00B0 (decimal 176)
   defining Unicode char U+00B1 (decimal 177)
   defining Unicode char U+00B2 (decimal 178)
   defining Unicode char U+00B3 (decimal 179)
   defining Unicode char U+00B4 (decimal 180)
   defining Unicode char U+00B5 (decimal 181)
   defining Unicode char U+00B6 (decimal 182)
   defining Unicode char U+00B7 (decimal 183)
   defining Unicode char U+00B9 (decimal 185)
   defining Unicode char U+00BA (decimal 186)
   defining Unicode char U+00BC (decimal 188)
   defining Unicode char U+00BD (decimal 189)
   defining Unicode char U+00BE (decimal 190)
   defining Unicode char U+00D7 (decimal 215)
   defining Unicode char U+00F7 (decimal 247)
   defining Unicode char U+0192 (decimal 402)
   defining Unicode char U+02C7 (decimal 711)
   defining Unicode char U+02D8 (decimal 728)
   defining Unicode char U+02DD (decimal 733)
   defining Unicode char U+0E3F (decimal 3647)
   defining Unicode char U+2016 (decimal 8214)
   defining Unicode char U+2020 (decimal 8224)
   defining Unicode char U+2021 (decimal 8225)
   defining Unicode char U+2022 (decimal 8226)
   defining Unicode char U+2030 (decimal 8240)
   defining Unicode char U+2031 (decimal 8241)
   defining Unicode char U+203B (decimal 8251)
   defining Unicode char U+203D (decimal 8253)
   defining Unicode char U+2044 (decimal 8260)
   defining Unicode char U+204E (decimal 8270)
   defining Unicode char U+2052 (decimal 8274)
   defining Unicode char U+20A1 (decimal 8353)
   defining Unicode char U+20A4 (decimal 8356)
   defining Unicode char U+20A6 (decimal 8358)
   defining Unicode char U+20A9 (decimal 8361)
   defining Unicode char U+20AB (decimal 8363)
   defining Unicode char U+20AC (decimal 8364)
   defining Unicode char U+20B1 (decimal 8369)
   defining Unicode char U+2103 (decimal 8451)
   defining Unicode char U+2116 (decimal 8470)
   defining Unicode char U+2117 (decimal 8471)
   defining Unicode char U+211E (decimal 8478)
   defining Unicode char U+2120 (decimal 8480)
   defining Unicode char U+2122 (decimal 8482)
   defining Unicode char U+2126 (decimal 8486)
   defining Unicode char U+2127 (decimal 8487)
   defining Unicode char U+212E (decimal 8494)
   defining Unicode char U+2190 (decimal 8592)
   defining Unicode char U+2191 (decimal 8593)
   defining Unicode char U+2192 (decimal 8594)
   defining Unicode char U+2193 (decimal 8595)
   defining Unicode char U+2329 (decimal 9001)
   defining Unicode char U+232A (decimal 9002)
   defining Unicode char U+2422 (decimal 9250)
   defining Unicode char U+25E6 (decimal 9702)
   defining Unicode char U+25EF (decimal 9711)
   defining Unicode char U+266A (decimal 9834)
   defining Unicode char U+FEFF (decimal 65279)
))
LaTeX Info: Redefining \oldstylenums on input line 334.
Package textcomp Info: Setting cmr sub-encoding to TS1/0 on input line 349.
Package textcomp Info: Setting cmss sub-encoding to TS1/0 on input line 350.
Package textcomp Info: Setting cmtt sub-encoding to TS1/0 on input line 351.
Package textcomp Info: Setting cmvtt sub-encoding to TS1/0 on input line 352.
Package textcomp Info: Setting cmbr sub-encoding to TS1/0 on input line 353.
Package textcomp Info: Setting cmtl sub-encoding to TS1/0 on input line 354.
Package textcomp Info: Setting ccr sub-encoding to TS1/0 on input line 355.
Package textcomp Info: Setting ptm sub-encoding to TS1/4 on input line 356.
Package textcomp Info: Setting pcr sub-encoding to TS1/4 on input line 357.
Package textcomp Info: Setting phv sub-encoding to TS1/4 on input line 358.
Package textcomp Info: Setting ppl sub-encoding to TS1/3 on input line 359.
Package textcomp Info: Setting pag sub-encoding to TS1/4 on input line 360.
Package textcomp Info: Setting pbk sub-encoding to TS1/4 on input line 361.
Package textcomp Info: Setting pnc sub-encoding to TS1/4 on input line 362.
Package textcomp Info: Setting pzc sub-encoding to TS1/4 on input line 363.
Package textcomp Info: Setting bch sub-encoding to TS1/4 on input line 364.
Package textcomp Info: Setting put sub-encoding to TS1/5 on input line 365.
Package textcomp Info: Setting uag sub-encoding to TS1/5 on input line 366.
Package textcomp Info: Setting ugq sub-encoding to TS1/5 on input line 367.
Package textcomp Info: Setting ul8 sub-encoding to TS1/4 on input line 368.
Package textcomp Info: Setting ul9 sub-encoding to TS1/4 on input line 369.
Package textcomp Info: Setting augie sub-encoding to TS1/5 on input line 370.
Package textcomp Info: Setting dayrom sub-encoding to TS1/3 on input line 371.
Package textcomp Info: Setting dayroms sub-encoding to TS1/3 on input line 372.
Package textcomp Info: Setting pxr sub-encoding to TS1/0 on input line 373.
Package textcomp Info: Setting pxss sub-encoding to TS1/0 on input line 374.
Package textcomp Info: Setting pxtt sub-encoding to TS1/0 on input line 375.
Package textcomp Info: Setting txr sub-encoding to TS1/0 on input line 376.
Package textcomp Info: Setting txss sub-encoding to TS1/0 on input line 377.
Package textcomp Info: Setting txtt sub-encoding to TS1/0 on input line 378.
Package textcomp Info: Setting lmr sub-encoding to TS1/0 on input line 379.
Package textcomp Info: Setting lmdh sub-encoding to TS1/0 on input line 380.
Package textcomp Info: Setting lmss sub-encoding to TS1/0 on input line 381.
Package textcomp Info: Setting lmssq sub-encoding to TS1/0 on input line 382.
Package textcomp Info: Setting lmvtt sub-encoding to TS1/0 on input line 383.
Package textcomp Info: Setting lmtt sub-encoding to TS1/0 on input line 384.
Package textcomp Info: Setting qhv sub-encoding to TS1/0 on input line 385.
Package textcomp Info: Setting qag sub-encoding to TS1/0 on input line 386.
Package textcomp Info: Setting qbk sub-encoding to TS1/0 on input line 387.
Package textcomp Info: Setting qcr sub-encoding to TS1/0 on input line 388.
Package textcomp Info: Setting qcs sub-encoding to TS1/0 on input line 389.
Package textcomp Info: Setting qpl sub-encoding to TS1/0 on input line 390.
Package textcomp Info: Setting qtm sub-encoding to TS1/0 on input line 391.
Package textcomp Info: Setting qzc sub-encoding to TS1/0 on input line 392.
Package textcomp Info: Setting qhvc sub-encoding to TS1/0 on input line 393.
Package textcomp Info: Setting futs sub-encoding to TS1/4 on input line 394.
Package textcomp Info: Setting futx sub-encoding to TS1/4 on input line 395.
Package textcomp Info: Setting futj sub-encoding to TS1/4 on input line 396.
Package textcomp Info: Setting hlh sub-encoding to TS1/3 on input line 397.
Package textcomp Info: Setting hls sub-encoding to TS1/3 on input line 398.
Package textcomp Info: Setting hlst sub-encoding to TS1/3 on input line 399.
Package textcomp Info: Setting hlct sub-encoding to TS1/5 on input line 400.
Package textcomp Info: Setting hlx sub-encoding to TS1/5 on input line 401.
Package textcomp Info: Setting hlce sub-encoding to TS1/5 on input line 402.
Package textcomp Info: Setting hlcn sub-encoding to TS1/5 on input line 403.
Package textcomp Info: Setting hlcw sub-encoding to TS1/5 on input line 404.
Package textcomp Info: Setting hlcf sub-encoding to TS1/5 on input line 405.
Package textcomp Info: Setting pplx sub-encoding to TS1/3 on input line 406.
Package textcomp Info: Setting pplj sub-encoding to TS1/3 on input line 407.
Package textcomp Info: Setting ptmx sub-encoding to TS1/4 on input line 408.
Package textcomp Info: Setting ptmj sub-encoding to TS1/4 on input line 409.
) (/usr/share/texlive/texmf-dist/tex/latex/caption/caption.sty
Package: caption 2018/10/06 v3.3-154 Customizing captions (AR)
 (/usr/share/texlive/texmf-dist/tex/latex/caption/caption3.sty
Package: caption3 2018/09/12 v1.8c caption3 kernel (AR)
Package caption3 Info: TeX engine: e-TeX on input line 64.
\captionmargin=\dimen112
\captionmargin@=\dimen113
\captionwidth=\dimen114
\caption@tempdima=\dimen115
\caption@indent=\dimen116
\caption@parindent=\dimen117
\caption@hangindent=\dimen118
)
\c@caption@flags=\count125
\c@ContinuedFloat=\count126
) (/usr/share/texlive/texmf-dist/tex/latex/caption/subcaption.sty
Package: subcaption 2018/05/01 v1.1-162 Sub-captions (AR)
\c@subfigure=\count127
\c@subtable=\count128
) (/usr/share/texlive/texmf-dist/tex/latex/graphics/graphicx.sty
Package: graphicx 2017/06/01 v1.1a Enhanced LaTeX Graphics (DPC,SPQR)
 (/usr/share/texlive/texmf-dist/tex/latex/graphics/graphics.sty
Package: graphics 2017/06/25 v1.2c Standard LaTeX Graphics (DPC,SPQR)
 (/usr/share/texlive/texmf-dist/tex/latex/graphics/trig.sty
Package: trig 2016/01/03 v1.10 sin cos tan (DPC)
) (/usr/share/texlive/texmf-dist/tex/latex/graphics-cfg/graphics.cfg
File: graphics.cfg 2016/06/04 v1.11 sample graphics configuration
)
Package graphics Info: Driver file: pdftex.def on input line 99.
 (/usr/share/texlive/texmf-dist/tex/latex/graphics-def/pdftex.def
File: pdftex.def 2018/01/08 v1.0l Graphics/color driver for pdftex
))
\Gin@req@height=\dimen119
\Gin@req@width=\dimen120
) (/usr/share/texlive/texmf-dist/tex/latex/multirow/multirow.sty
Package: multirow 2019/05/31 v2.5 Span multiple rows of a table
\multirow@colwidth=\skip57
\multirow@cntb=\count129
\multirow@dima=\skip58
\bigstrutjot=\dimen121
) (/home/fari/TP1PyE/Informe/Informe.aux
LaTeX Info: Redefining \. on input line 6.
LaTeX Info: Redefining \% on input line 6.
)
\openout1 = `Informe.aux'.

LaTeX Font Info:    Checking defaults for OML/cmm/m/it on input line 17.
LaTeX Font Info:    ... okay on input line 17.
LaTeX Font Info:    Checking defaults for T1/cmr/m/n on input line 17.
LaTeX Font Info:    ... okay on input line 17.
LaTeX Font Info:    Checking defaults for OT1/cmr/m/n on input line 17.
LaTeX Font Info:    ... okay on input line 17.
LaTeX Font Info:    Checking defaults for OMS/cmsy/m/n on input line 17.
LaTeX Font Info:    ... okay on input line 17.
LaTeX Font Info:    Checking defaults for OMX/cmex/m/n on input line 17.
LaTeX Font Info:    ... okay on input line 17.
LaTeX Font Info:    Checking defaults for U/cmr/m/n on input line 17.
LaTeX Font Info:    ... okay on input line 17.
LaTeX Font Info:    Checking defaults for TS1/cmr/m/n on input line 17.
LaTeX Font Info:    Try loading font information for TS1+cmr on input line 17.
 (/usr/share/texlive/texmf-dist/tex/latex/base/ts1cmr.fd
File: ts1cmr.fd 2014/09/29 v2.5h Standard LaTeX font definitions
)
LaTeX Font Info:    ... okay on input line 17.

*geometry* driver: auto-detecting
*geometry* detected driver: pdftex
*geometry* verbose mode - [ preamble ] result:
* driver: pdftex
* paper: a4paper
* layout: <same size as paper>
* layoutoffset:(h,v)=(0.0pt,0.0pt)
* modes: 
* h-part:(L,W,R)=(72.2698pt, 452.96826pt, 72.2698pt)
* v-part:(T,H,B)=(72.2698pt, 700.50723pt, 72.2698pt)
* \paperwidth=597.50787pt
* \paperheight=845.04684pt
* \textwidth=452.96826pt
* \textheight=700.50723pt
* \oddsidemargin=-0.00018pt
* \evensidemargin=-0.00018pt
* \topmargin=-37.00018pt
* \headheight=12.0pt
* \headsep=25.0pt
* \topskip=11.0pt
* \footskip=30.0pt
* \marginparwidth=59.0pt
* \marginparsep=10.0pt
* \columnsep=10.0pt
* \skip\footins=10.0pt plus 4.0pt minus 2.0pt
* \hoffset=0.0pt
* \voffset=0.0pt
* \mag=1000
* \@twocolumnfalse
* \@twosidefalse
* \@mparswitchfalse
* \@reversemarginfalse
* (1in=72.27pt=25.4mm, 1cm=28.453pt)

LaTeX Info: Redefining \. on input line 17.
LaTeX Info: Redefining \% on input line 17.
ABD: EverySelectfont initializing macros
LaTeX Info: Redefining \selectfont on input line 17.
Package caption Info: Begin \AtBeginDocument code.
Package caption Info: End \AtBeginDocument code.
 (/usr/share/texlive/texmf-dist/tex/context/base/mkii/supp-pdf.mkii
[Loading MPS to PDF converter (version 2006.09.02).]
\scratchcounter=\count130
\scratchdimen=\dimen122
\scratchbox=\box27
\nofMPsegments=\count131
\nofMParguments=\count132
\everyMPshowfont=\toks19
\MPscratchCnt=\count133
\MPscratchDim=\dimen123
\MPnumerator=\count134
\makeMPintoPDFobject=\count135
\everyMPtoPDFconversion=\toks20
) (/usr/share/texlive/texmf-dist/tex/latex/oberdiek/epstopdf-base.sty
Package: epstopdf-base 2016/05/15 v2.6 Base part for package epstopdf
 (/usr/share/texlive/texmf-dist/tex/generic/oberdiek/infwarerr.sty
Package: infwarerr 2016/05/16 v1.4 Providing info/warning/error messages (HO)
) (/usr/share/texlive/texmf-dist/tex/latex/oberdiek/grfext.sty
Package: grfext 2016/05/16 v1.2 Manage graphics extensions (HO)
 (/usr/share/texlive/texmf-dist/tex/generic/oberdiek/kvdefinekeys.sty
Package: kvdefinekeys 2016/05/16 v1.4 Define keys (HO)
 (/usr/share/texlive/texmf-dist/tex/generic/oberdiek/ltxcmds.sty
Package: ltxcmds 2016/05/16 v1.23 LaTeX kernel commands for general use (HO)
))) (/usr/share/texlive/texmf-dist/tex/latex/oberdiek/kvoptions.sty
Package: kvoptions 2016/05/16 v3.12 Key value format for package options (HO)
 (/usr/share/texlive/texmf-dist/tex/generic/oberdiek/kvsetkeys.sty
Package: kvsetkeys 2016/05/16 v1.17 Key value parser (HO)
 (/usr/share/texlive/texmf-dist/tex/generic/oberdiek/etexcmds.sty
Package: etexcmds 2016/05/16 v1.6 Avoid name clashes with e-TeX commands (HO)
 (/usr/share/texlive/texmf-dist/tex/generic/oberdiek/ifluatex.sty
Package: ifluatex 2016/05/16 v1.4 Provides the ifluatex switch (HO)
Package ifluatex Info: LuaTeX not detected.
)))) (/usr/share/texlive/texmf-dist/tex/generic/oberdiek/pdftexcmds.sty
Package: pdftexcmds 2018/09/10 v0.29 Utility functions of pdfTeX for LuaTeX (HO)
Package pdftexcmds Info: LuaTeX not detected.
Package pdftexcmds Info: \pdf@primitive is available.
Package pdftexcmds Info: \pdf@ifprimitive is available.
Package pdftexcmds Info: \pdfdraftmode found.
)
Package epstopdf-base Info: Redefining graphics rule for `.eps' on input line 438.
Package grfext Info: Graphics extension search list:
(grfext)             [.pdf,.png,.jpg,.mps,.jpeg,.jbig2,.jb2,.PDF,.PNG,.JPG,.JPEG,.JBIG2,.JB2,.eps]
(grfext)             \AppendGraphicsExtensions on input line 456.
 (/usr/share/texlive/texmf-dist/tex/latex/latexconfig/epstopdf-sys.cfg
File: epstopdf-sys.cfg 2010/07/13 v1.3 Configuration of (r)epstopdf for TeX Live
))
LaTeX Font Info:    External font `cmex10' loaded for size
(Font)              <12> on input line 29.
LaTeX Font Info:    External font `cmex10' loaded for size
(Font)              <8> on input line 29.
LaTeX Font Info:    External font `cmex10' loaded for size
(Font)              <6> on input line 29.
 [1

{/var/lib/texmf/fonts/map/pdftex/updmap/pdftex.map}] (/home/fari/TP1PyE/Informe/Informe.toc
LaTeX Info: Redefining \. on input line 1.
LaTeX Info: Redefining \% on input line 1.
LaTeX Font Info:    External font `cmex10' loaded for size
(Font)              <10.95> on input line 4.
)
\tf@toc=\write3
\openout3 = `Informe.toc'.

 [2] [3]
Overfull \hbox (33.8231pt too wide) in paragraph at lines 84--101
 [] 
 []

<histAltura.pdf, id=19, 844.15375pt x 597.23125pt>
File: histAltura.pdf Graphic file (type pdf)
<use histAltura.pdf>
Package pdftex.def Info: histAltura.pdf  used on input line 109.
(pdftex.def)             Requested size: 407.66867pt x 288.42654pt.
[4 </home/fari/TP1PyE/Informe/histAltura.pdf>]
<acumAltura.pdf, id=29, 844.15375pt x 597.23125pt>
File: acumAltura.pdf Graphic file (type pdf)
<use acumAltura.pdf>
Package pdftex.def Info: acumAltura.pdf  used on input line 122.
(pdftex.def)             Requested size: 407.66867pt x 288.42654pt.

Overfull \hbox (33.8231pt too wide) in paragraph at lines 146--163
 [] 
 []

[5 </home/fari/TP1PyE/Informe/acumAltura.pdf>]
<histDiametro.pdf, id=39, 844.15375pt x 597.23125pt>
File: histDiametro.pdf Graphic file (type pdf)
<use histDiametro.pdf>
Package pdftex.def Info: histDiametro.pdf  used on input line 173.
(pdftex.def)             Requested size: 407.66867pt x 288.42654pt.
<acumDiametro.pdf, id=40, 844.15375pt x 597.23125pt>
File: acumDiametro.pdf Graphic file (type pdf)
<use acumDiametro.pdf>
Package pdftex.def Info: acumDiametro.pdf  used on input line 184.
(pdftex.def)             Requested size: 407.66867pt x 288.42654pt.
 [6 </home/fari/TP1PyE/Informe/histDiametro.pdf> </home/fari/TP1PyE/Informe/acumDiametro.pdf>]
Overfull \hbox (33.8231pt too wide) in paragraph at lines 207--223
 [] 
 []

<boxInclinacion.pdf, id=56, 844.15375pt x 597.23125pt>
File: boxInclinacion.pdf Graphic file (type pdf)
<use boxInclinacion.pdf>
Package pdftex.def Info: boxInclinacion.pdf  used on input line 230.
(pdftex.def)             Requested size: 407.66867pt x 288.42654pt.
[7 </home/fari/TP1PyE/Informe/boxInclinacion.pdf>]
<barrasEspecie.pdf, id=67, 844.15375pt x 597.23125pt>
File: barrasEspecie.pdf Graphic file (type pdf)
<use barrasEspecie.pdf>
Package pdftex.def Info: barrasEspecie.pdf  used on input line 271.
(pdftex.def)             Requested size: 407.66867pt x 288.42654pt.
 [8 </home/fari/TP1PyE/Informe/barrasEspecie.pdf>]
<tortaOrigen.pdf, id=77, 844.15375pt x 597.23125pt>
File: tortaOrigen.pdf Graphic file (type pdf)
<use tortaOrigen.pdf>
Package pdftex.def Info: tortaOrigen.pdf  used on input line 304.
(pdftex.def)             Requested size: 407.66867pt x 288.42654pt.
 [9 </home/fari/TP1PyE/Informe/tortaOrigen.pdf>]
Overfull \hbox (33.8231pt too wide) in paragraph at lines 322--341
 [] 
 []

<bastonesBrotes.pdf, id=87, 844.15375pt x 597.23125pt>
File: bastonesBrotes.pdf Graphic file (type pdf)
<use bastonesBrotes.pdf>
Package pdftex.def Info: bastonesBrotes.pdf  used on input line 348.
(pdftex.def)             Requested size: 407.66867pt x 288.42654pt.
[10 </home/fari/TP1PyE/Informe/bastonesBrotes.pdf>]
<barrasOrigenEspecie.pdf, id=97, 844.15375pt x 597.23125pt>
File: barrasOrigenEspecie.pdf Graphic file (type pdf)
<use barrasOrigenEspecie.pdf>
Package pdftex.def Info: barrasOrigenEspecie.pdf  used on input line 390.
(pdftex.def)             Requested size: 407.66867pt x 288.42654pt.
 [11 </home/fari/TP1PyE/Informe/barrasOrigenEspecie.pdf>]
<barrasBrotesEspecie.pdf, id=107, 844.15375pt x 597.23125pt>
File: barrasBrotesEspecie.pdf Graphic file (type pdf)
<use barrasBrotesEspecie.pdf>
Package pdftex.def Info: barrasBrotesEspecie.pdf  used on input line 430.
(pdftex.def)             Requested size: 407.66867pt x 288.42654pt.
 [12 </home/fari/TP1PyE/Informe/barrasBrotesEspecie.pdf>] (/home/fari/TP1PyE/Informe/Informe.aux
LaTeX Info: Redefining \. on input line 6.
LaTeX Info: Redefining \% on input line 6.
) ) 
Here is how much of TeX's memory you used:
 4844 strings out of 492609
 74211 string characters out of 6131462
 148331 words of memory out of 5000000
 8694 multiletter control sequences out of 15000+600000
 9492 words of font info for 33 fonts, out of 8000000 for 9000
 1141 hyphenation exceptions out of 8191
 41i,10n,39p,300b,496s stack positions out of 5000i,500n,10000p,200000b,80000s
{/usr/share/texmf/fonts/enc/dvips/cm-super/cm-super-ts1.enc}</usr/share/texlive/texmf-dist/fonts/type1/public/amsfonts/cm/cmbx10.pfb></usr/share/texlive/texmf-dist/fonts/type1/public/amsfonts/cm/cmbx12.pfb></usr/share/texlive/texmf-dist/fonts/type1/public/amsfonts/cm/cmr10.pfb></usr/share/texlive/texmf-dist/fonts/type1/public/amsfonts/cm/cmr12.pfb></usr/share/texlive/texmf-dist/fonts/type1/public/amsfonts/cm/cmr17.pfb></usr/share/texmf/fonts/type1/public/cm-super/sfrm1095.pfb></usr/share/texmf/fonts/type1/public/cm-super/sfrm1728.pfb>
Output written on /home/fari/TP1PyE/Informe/Informe.pdf (12 pages, 128981 bytes).
PDF statistics:
 142 PDF objects out of 1000 (max. 8388607)
 100 compressed objects within 1 object stream
 0 named destinations out of 1000 (max. 500000)
 51 words of extra memory for PDF output out of 10000 (max. 10000000)

